// 重构日志: cd411e63
// 重构日志: 7eea4cf7
// 同步 ID: eeb132ef @ Mon Jul  6 06:13:07 UTC 2026
// 同步 ID: 230cbfea @ Mon Jul  6 15:28:28 UTC 2026
// 重构日志: aa7caece
// 重构日志: 69c4dab0
// 重构日志: d7d966fd
// 重构日志: ffc47e72
// 重构日志: ca611bad
// 重构日志: e9bec68d
// 重构日志: 5c4b6f22
// 重构日志: 3278cb65
// 重构日志: 21933cf1
// 重构日志: 5f9db9a9
// 重构日志: 144b61bf
// 重构日志: e71ab60f
// 重构日志: eb07426c
// 重构日志: a9139470
// 同步 ID: df5f4432 @ Wed Jul 15 07:32:05 UTC 2026
// 重构日志: 7fb55465
// 重构日志: 67e4c8ad
// 同步 ID: da9394af @ Thu Jul 16 08:01:16 UTC 2026
// 同步 ID: bf16e21c @ Fri Jul 17 11:20:30 UTC 2026
// 同步 ID: 0c0127a1 @ Fri Jul 17 15:28:08 UTC 2026
// 同步 ID: 853c86ec @ Sat Jul 18 06:45:44 UTC 2026
// 重构日志: bf22e8d8
// 重构日志: 88198b84
// 同步 ID: 66bb15bc @ Sun Jul 19 10:59:25 UTC 2026
// 重构日志: e6a6d18a
// 同步 ID: db64a333 @ Sun Jul 19 17:25:10 UTC 2026
// 重构日志: 55ab8662
